AdobePassDemo/build/intermediates/manifest_merge_blame_file/debug/manifest-merger-blame-debug-report.txt
1<?xml version="1.0" encoding="utf-8"?>
2<manifest xmlns:android="http://schemas.android.com/apk/res/android"
3    package="com.adobe.adobepass.adobepassdemo"
4    android:versionCode="1"
5    android:versionName="unspecified" >
6
7    <uses-sdk
8        android:minSdkVersion="21"
8-->src/main/AndroidManifest.xml
9        android:targetSdkVersion="31" />
9-->src/main/AndroidManifest.xml
10
11    <uses-permission android:name="android.permission.ACCESS_NETWORK_STATE" />
11-->src/main/AndroidManifest.xml:8:5-78
11-->src/main/AndroidManifest.xml:8:22-76
12    <uses-permission android:name="android.permission.INTERNET" />
12-->src/main/AndroidManifest.xml:9:5-66
12-->src/main/AndroidManifest.xml:9:22-64
13    <uses-permission android:name="android.permission.WAKE_LOCK" />
13-->src/main/AndroidManifest.xml:10:5-67
13-->src/main/AndroidManifest.xml:10:22-65
14
15    <queries>
15-->[:AccessEnabler:] AndroidManifest.xml:15:5-27:15
16        <package android:name="com.android.chrome" />
16-->[:AccessEnabler:] AndroidManifest.xml:16:9-54
16-->[:AccessEnabler:] AndroidManifest.xml:16:18-51
17
18        <intent>
18-->[:AccessEnabler:] AndroidManifest.xml:18:9-20:18
19            <action android:name="android.support.customtabs.action.CustomTabsService" />
19-->[:AccessEnabler:] AndroidManifest.xml:19:13-90
19-->[:AccessEnabler:] AndroidManifest.xml:19:21-87
20        </intent>
21        <intent>
21-->[:AccessEnabler:] AndroidManifest.xml:18:9-20:18
22            <action android:name="com.adobe.adobepass.accessenabler.services.storage.global.GLOBAL_DATABASE_URI_INQUIRY" />
22-->[:AccessEnabler:] AndroidManifest.xml:64:17-128
22-->[:AccessEnabler:] AndroidManifest.xml:64:25-125
23        </intent>
24        <intent>
24-->[:AccessEnabler:] AndroidManifest.xml:18:9-20:18
25            <action android:name="com.adobe.adobepass.accessenabler.services.storage.global.GLOBAL_DATABASE_URI_ELECTION" />
25-->[:AccessEnabler:] AndroidManifest.xml:65:17-129
25-->[:AccessEnabler:] AndroidManifest.xml:65:25-126
26        </intent>
27    </queries>
28
29    <application
29-->src/main/AndroidManifest.xml:12:5-56:19
30        android:name="com.adobe.adobepass.apps.demo.AdobePassDemoApp"
30-->src/main/AndroidManifest.xml:14:9-41
31        android:appComponentFactory="androidx.core.app.CoreComponentFactory"
31-->[androidx.core:core:1.3.0] AndroidManifest.xml:24:18-86
32        android:debuggable="true"
33        android:icon="@drawable/icon"
33-->src/main/AndroidManifest.xml:16:9-38
34        android:label="@string/app_name"
34-->src/main/AndroidManifest.xml:13:9-41
35        android:networkSecurityConfig="@xml/network_security_config"
35-->src/main/AndroidManifest.xml:17:9-69
36        android:requestLegacyExternalStorage="true"
36-->src/main/AndroidManifest.xml:18:9-52
37        android:testOnly="true"
38        android:theme="@style/Theme.AppCompat" >
38-->src/main/AndroidManifest.xml:15:9-47
39        <uses-library
39-->src/main/AndroidManifest.xml:20:9-87
40            android:name="org.apache.http.legacy"
40-->src/main/AndroidManifest.xml:20:23-60
41            android:required="false" />
41-->src/main/AndroidManifest.xml:20:61-85
42
43        <activity
43-->src/main/AndroidManifest.xml:22:9-32:20
44            android:name="com.adobe.adobepass.apps.demo.ui.MainActivity"
44-->src/main/AndroidManifest.xml:23:13-44
45            android:exported="true"
45-->src/main/AndroidManifest.xml:25:13-36
46            android:theme="@style/Theme.AppCompat" >
46-->src/main/AndroidManifest.xml:24:13-51
47            <intent-filter>
47-->src/main/AndroidManifest.xml:26:13-31:29
48                <action android:name="android.intent.action.MAIN" />
48-->src/main/AndroidManifest.xml:27:17-28:64
48-->src/main/AndroidManifest.xml:28:21-62
49
50                <category android:name="android.intent.category.LAUNCHER" />
50-->src/main/AndroidManifest.xml:29:17-30:70
50-->src/main/AndroidManifest.xml:30:21-68
51            </intent-filter>
52        </activity>
53        <activity android:name="com.adobe.adobepass.apps.demo.ui.MvpdPickerActivity" />
53-->src/main/AndroidManifest.xml:34:9-35:52
53-->src/main/AndroidManifest.xml:35:13-50
54        <activity android:name="com.adobe.adobepass.apps.demo.ui.MvpdLoginActivity" />
54-->src/main/AndroidManifest.xml:36:9-37:51
54-->src/main/AndroidManifest.xml:37:13-49
55        <activity
55-->src/main/AndroidManifest.xml:38:9-40:54
56            android:name="com.adobe.adobepass.apps.demo.ui.PreferencesActivity"
56-->src/main/AndroidManifest.xml:39:13-51
57            android:label="Application Preferences" />
57-->src/main/AndroidManifest.xml:40:13-52
58        <activity
58-->src/main/AndroidManifest.xml:41:9-43:46
59            android:name="com.adobe.adobepass.apps.demo.ui.TempPassResetActivity"
59-->src/main/AndroidManifest.xml:42:13-53
60            android:label="Temp Pass Reset" />
60-->src/main/AndroidManifest.xml:43:13-44
61        <activity android:name="com.adobe.adobepass.apps.demo.ui.storageviewer.StorageViewerActivity" />
61-->src/main/AndroidManifest.xml:44:9-45:69
61-->src/main/AndroidManifest.xml:45:13-67
62        <activity android:name="com.adobe.adobepass.apps.demo.ui.GenericDataActivity" />
62-->src/main/AndroidManifest.xml:46:9-47:53
62-->src/main/AndroidManifest.xml:47:13-51
63        <activity android:name="com.adobe.adobepass.apps.demo.ui.OptionsActivity" />
63-->src/main/AndroidManifest.xml:48:9-49:49
63-->src/main/AndroidManifest.xml:49:13-47
64        <activity
64-->src/main/AndroidManifest.xml:50:9-52:59
65            android:name="com.adobe.adobepass.apps.demo.ui.SetSoftwareStatementActivity"
65-->src/main/AndroidManifest.xml:51:13-60
66            android:theme="@style/Theme.AppCompat.Light" />
66-->src/main/AndroidManifest.xml:52:13-57
67
68        <uses-library android:name="android.test.runner" />
68-->src/main/AndroidManifest.xml:54:9-55:49
68-->src/main/AndroidManifest.xml:55:13-47
69
70        <activity
70-->[:AccessEnabler:] AndroidManifest.xml:32:9-35:20
71            android:name="com.adobe.adobepass.accessenabler.api.utils.android.CustomTabManager"
71-->[:AccessEnabler:] AndroidManifest.xml:33:13-96
72            android:launchMode="singleTask" >
72-->[:AccessEnabler:] AndroidManifest.xml:34:13-44
73        </activity>
74        <activity
74-->[:AccessEnabler:] AndroidManifest.xml:36:9-51:20
75            android:name="com.adobe.adobepass.accessenabler.api.utils.android.CustomTabGetAuthN"
75-->[:AccessEnabler:] AndroidManifest.xml:37:13-97
76            android:exported="true"
76-->[:AccessEnabler:] AndroidManifest.xml:38:13-36
77            android:launchMode="singleTask"
77-->[:AccessEnabler:] AndroidManifest.xml:39:13-44
78            android:theme="@android:style/Theme.NoDisplay" >
78-->[:AccessEnabler:] AndroidManifest.xml:40:13-59
79            <intent-filter>
79-->[:AccessEnabler:] AndroidManifest.xml:41:13-50:29
80                <action android:name="android.intent.action.VIEW" />
80-->[:AccessEnabler:] AndroidManifest.xml:42:17-69
80-->[:AccessEnabler:] AndroidManifest.xml:42:25-66
81
82                <category android:name="android.intent.category.DEFAULT" />
82-->[:AccessEnabler:] AndroidManifest.xml:44:17-76
82-->[:AccessEnabler:] AndroidManifest.xml:44:27-73
83                <category android:name="android.intent.category.BROWSABLE" />
83-->[:AccessEnabler:] AndroidManifest.xml:45:17-78
83-->[:AccessEnabler:] AndroidManifest.xml:45:27-75
84
85                <data
85-->[:AccessEnabler:] AndroidManifest.xml:47:17-49:50
86                    android:host="@string/redirect_uri"
86-->[:AccessEnabler:] AndroidManifest.xml:48:21-56
87                    android:scheme="adobepass" />
87-->[:AccessEnabler:] AndroidManifest.xml:49:21-47
88            </intent-filter>
89        </activity>
90
91        <provider
91-->[:AccessEnabler:] AndroidManifest.xml:53:9-58:20
92            android:name="com.adobe.adobepass.accessenabler.services.storage.android.global.GlobalStorageProvider"
92-->[:AccessEnabler:] AndroidManifest.xml:54:13-115
93            android:authorities="com.adobe.adobepass.adobepassdemo.GlobalStorageProvider"
93-->[:AccessEnabler:] AndroidManifest.xml:55:13-73
94            android:exported="true"
94-->[:AccessEnabler:] AndroidManifest.xml:56:13-36
95            android:grantUriPermissions="true" >
95-->[:AccessEnabler:] AndroidManifest.xml:57:13-47
96        </provider>
97
98        <receiver
98-->[:AccessEnabler:] AndroidManifest.xml:60:9-67:20
99            android:name="com.adobe.adobepass.accessenabler.services.storage.android.global.GlobalStorageBroadcastRequestReceiver"
99-->[:AccessEnabler:] AndroidManifest.xml:61:13-131
100            android:exported="true" >
100-->[:AccessEnabler:] AndroidManifest.xml:62:13-36
101            <intent-filter>
101-->[:AccessEnabler:] AndroidManifest.xml:63:13-66:29
102                <action android:name="com.adobe.adobepass.accessenabler.services.storage.global.GLOBAL_DATABASE_URI_INQUIRY" />
102-->[:AccessEnabler:] AndroidManifest.xml:64:17-128
102-->[:AccessEnabler:] AndroidManifest.xml:64:25-125
103                <action android:name="com.adobe.adobepass.accessenabler.services.storage.global.GLOBAL_DATABASE_URI_ELECTION" />
103-->[:AccessEnabler:] AndroidManifest.xml:65:17-129
103-->[:AccessEnabler:] AndroidManifest.xml:65:25-126
104            </intent-filter>
105        </receiver>
106    </application>
107
108</manifest>